<?xml version="1.0" encoding="UTF-8" ?>
<testsuite tests="1" failures="0" name="org.mycompany.ApplicationTest" time="1.486" errors="0" skipped="0">
  <properties>
    <property name="java.runtime.name" value="Java(TM) SE Runtime Environment"/>
    <property name="java.vm.version" value="13.0.2+8"/>
    <property name="sun.boot.library.path" value="D:\software\Java\jdk-13.0.2\bin"/>
    <property name="maven.multiModuleProjectDirectory" value="C:\Users\ndigrazia\workspace\fuse_example"/>
    <property name="java.vm.vendor" value="Oracle Corporation"/>
    <property name="java.vendor.url" value="https://java.oracle.com/"/>
    <property name="guice.disable.misplaced.annotation.check" value="true"/>
    <property name="path.separator" value=";"/>
    <property name="java.vm.name" value="Java HotSpot(TM) 64-Bit Server VM"/>
    <property name="sun.os.patch.level" value=""/>
    <property name="user.script" value=""/>
    <property name="user.country" value="AR"/>
    <property name="sun.java.launcher" value="SUN_STANDARD"/>
    <property name="java.vm.specification.name" value="Java Virtual Machine Specification"/>
    <property name="user.dir" value="C:\Users\ndigrazia\workspace\fuse_example"/>
    <property name="java.vm.compressedOopsMode" value="32-bit"/>
    <property name="java.runtime.version" value="13.0.2+8"/>
    <property name="os.arch" value="amd64"/>
    <property name="java.io.tmpdir" value="C:\Users\NDIGRA~1\AppData\Local\Temp\"/>
    <property name="line.separator" value="
"/>
    <property name="java.vm.specification.vendor" value="Oracle Corporation"/>
    <property name="user.variant" value=""/>
    <property name="os.name" value="Windows 10"/>
    <property name="classworlds.conf" value="D:\software\apache-maven-3.6.3\bin\..\bin\m2.conf"/>
    <property name="sun.jnu.encoding" value="Cp1252"/>
    <property name="java.library.path" value="D:\software\Java\jdk-13.0.2\bin;C:\Windows\Sun\Java\bin;C:\Windows\system32;C:\Windows;C:\Program Files (x86)\Teradata\Client\14.00\AXSMOD\;C:\Program Files (x86)\Teradata\client\14.00\Teradata Parallel Transporter\bin;C:\Program Files (x86)\Teradata\client\14.00\Teradata Parallel Transporter\msg;C:\Program Files\Teradata\client\14.00\Teradata Parallel Transporter\bin64;C:\Program Files\Teradata\client\14.00\Teradata Parallel Transporter\msg64;C:\Program Files (x86)\Teradata\Client\14.00\pp2\;C:\Program Files\Teradata\Client\14.00\pp2_64\;C:\Program Files\Teradata\Client\14.00\bin64\;C:\Program Files (x86)\Teradata\Client\14.00\AXSMOD\;C:\Program Files\Teradata\Client\14.00\AXSMOD\;C:\Program Files (x86)\Teradata\Client\14.00\bin\;C:\Program Files\Teradata\Client\14.00\bin\;C:\Program Files (x86)\Teradata\Client\14.00\CLIv2\;C:\Program Files\Teradata\Client\14.00\CLIv2\;C:\Program Files (x86)\Teradata\Client\14.00\ODBC Driver for Teradata\Lib\;C:\Program Files\Teradata\Client\14.00\ODBC Driver for Teradata nt-x8664\Lib\;C:\Program Files (x86)\Teradata\Client\14.00\Shared ICU Libraries for Teradata\lib\;C:\Program Files\Teradata\Client\14.00\Shared ICU Libraries for Teradata\lib\;C:\Windows\system32;C:\Windows;C:\Windows\System32\Wbem;C:\Windows\System32\WindowsPowerShell\v1.0\;C:\Program Files (x86)\dialogic\ctcapi\bin;C:\PCDCE32\bin;C:\ARCHIV~1\VANTIV~1;C:\orant\bin;C:\Orateleb;C:\Oracle\product\12.1.0\client_1\bin;C:\Windows\System32\OpenSSH\;C:\Program Files (x86)\Intel\Intel(R) Management Engine Components\DAL;C:\Program Files\Intel\Intel(R) Management Engine Components\DAL;C:\Program Files\Intel\WiFi\bin\;C:\Program Files\Common Files\Intel\WirelessCommon\;C:\Program Files\Teradata\Client\14.00\tdwallet\nt-x8664\;C:\Program Files (x86)\Teradata\Client\14.00\tdwallet\nt-i386\;C:\Program Files (x86)\Verint\Playback\;D:\software\nodejs\;D:\software\Go\bin;D:\software\PuTTY\;D:\software\Git\cmd;D:\software\Java\jdk-13.0.2\bin;C:\Users\ndigrazia\go\bin;D:\software\minishift-1.16.0-windows-amd64;D:\software\apache-maven-3.6.3\bin;C:\Users\ndigrazia\AppData\Local\Microsoft\WindowsApps;C:\Users\ndigrazia\AppData\Roaming\npm;D:\software\texlive\2020\bin\win32;D:\software\python-3.8.3-embed-amd64;D:\software\VSCode-win32-x64-1.42.1;D:\software\Git\bin;D:\software\oc;;."/>
    <property name="maven.conf" value="D:\software\apache-maven-3.6.3\bin\../conf"/>
    <property name="jdk.debug" value="release"/>
    <property name="java.class.version" value="57.0"/>
    <property name="java.specification.name" value="Java Platform API Specification"/>
    <property name="sun.management.compiler" value="HotSpot 64-Bit Tiered Compilers"/>
    <property name="os.version" value="10.0"/>
    <property name="library.jansi.path" value="D:\software\apache-maven-3.6.3\bin\..\lib\jansi-native"/>
    <property name="user.home" value="C:\Users\ndigrazia"/>
    <property name="user.timezone" value="GMT-03:00"/>
    <property name="file.encoding" value="Cp1252"/>
    <property name="java.specification.version" value="13"/>
    <property name="user.name" value="NDIGRAZIA"/>
    <property name="java.class.path" value="D:\software\apache-maven-3.6.3\bin\..\boot\plexus-classworlds-2.6.0.jar"/>
    <property name="java.vm.specification.version" value="13"/>
    <property name="sun.arch.data.model" value="64"/>
    <property name="sun.java.command" value="org.codehaus.plexus.classworlds.launcher.Launcher clean test"/>
    <property name="java.home" value="D:\software\Java\jdk-13.0.2"/>
    <property name="user.language" value="es"/>
    <property name="java.specification.vendor" value="Oracle Corporation"/>
    <property name="java.vm.info" value="mixed mode, sharing"/>
    <property name="java.version" value="13.0.2"/>
    <property name="java.vendor" value="Oracle Corporation"/>
    <property name="sun.stderr.encoding" value="cp850"/>
    <property name="maven.home" value="D:\software\apache-maven-3.6.3\bin\.."/>
    <property name="file.separator" value="\"/>
    <property name="java.version.date" value="2020-01-14"/>
    <property name="java.vendor.url.bug" value="https://bugreport.java.com/bugreport/"/>
    <property name="sun.io.unicode.encoding" value="UnicodeLittle"/>
    <property name="sun.cpu.endian" value="little"/>
    <property name="sun.stdout.encoding" value="cp850"/>
    <property name="sun.cpu.isalist" value="amd64"/>
  </properties>
  <testcase classname="org.mycompany.ApplicationTest" name="contextLoads" time="1.486"/>
</testsuite>